<?xml version="1.0" encoding="UTF-8"?>
<!-- Generated by org.testng.reporters.JUnitXMLReporter -->
<testsuite hostname="LAPTOP-7URMMQ5D" ignored="0" name="Default test" tests="2" failures="0" timestamp="19 Feb 2021 05:27:24 GMT" time="9.842" errors="0">
  <testcase name="To_check_Error_For_Invalid_Login" time="2.569" classname="com.tekarch.login.loginTekApp"/>
  <testcase name="to_Check_Whether_Login_Happening_Or_Not" time="1.028" classname="com.tekarch.login.loginTekApp"/>
</testsuite> <!-- Default test -->
